<?xml version="1.0" encoding="UTF-8"?>
<!-- Generated by org.testng.reporters.JUnitXMLReporter -->
<testsuite ignored="0" hostname="ADMIN" failures="0" tests="5" name="Test" time="141.082" errors="0" timestamp="2020-03-30T16:59:48 IST">
  <testcase classname="ejaruti.UnitTest.CreateCompanyTest" name="createCompanyWithInputParameterTest" time="23.607"/>
  <testcase classname="ejaruti.UnitTest.CreateCompanyTest" name="createCompanyWithNoCityAsInputParameterTest" time="11.627"/>
  <testcase classname="ejaruti.UnitTest.CreateCompanyTest" name="createCompanyWithNoCountryinputParameter" time="9.559"/>
  <testcase classname="ejaruti.UnitTest.CreateCompanyTest" name="createCompanyWithNoStateInputParameterTest" time="10.604"/>
  <testcase classname="ejaruti.UnitTest.CreateCompanyTest" name="createCompanyWithoutAnyInputParameterTest" time="8.429"/>
</testsuite> <!-- Test -->
