<?xml version="1.0" encoding="UTF-8"?>
<!-- Generated by org.testng.reporters.JUnitXMLReporter -->
<testsuite ignored="0" hostname="ADMIN" failures="0" tests="4" name="Test" time="62.955" errors="0" timestamp="2020-03-30T16:57:27 IST">
  <testcase classname="ejaruti.UnitTest.LoginTest" name="invalidLoginTest" time="3.211"/>
  <testcase classname="ejaruti.UnitTest.LoginTest" name="invalidpasswordTest" time="3.195"/>
  <testcase classname="ejaruti.UnitTest.LoginTest" name="invalidusernameTest" time="3.205"/>
  <testcase classname="ejaruti.UnitTest.LoginTest" name="validLoginTest" time="3.364"/>
</testsuite> <!-- Test -->
