<?xml version="1.0" encoding="UTF-8"?>
<!-- Generated by org.testng.reporters.JUnitXMLReporter -->
<testsuite ignored="0" hostname="ADMIN" failures="0" tests="3" name="Test" time="86.121" errors="0" timestamp="2020-03-30T17:02:01 IST">
  <testcase classname="ejaruti.UnitTest.EditeCompany" name="editEmailNumber" time="11.865"/>
  <testcase classname="ejaruti.UnitTest.EditeCompany" name="editPanNumber" time="11.855"/>
  <testcase classname="ejaruti.UnitTest.EditeCompany" name="editeCompanyName" time="12.565"/>
</testsuite> <!-- Test -->
